------------------------------
  Elements     Atomic Weight  
------------------------------
  1.	C         12.01099968
  2.	H          1.00800002
  3.	O         15.99899960
  4.	N         14.00699997
  5.	AR        39.94800186
------------------------------


----------------------------------------------------------------------------------------------------------------------
                                                Molecular        Temperature        Elements
  Species                  Phase  Charge         weight         Low      High       C       H       O       N      AR
----------------------------------------------------------------------------------------------------------------------
    1. H2                    G      0            2.016000    200.00   3500.00       0       2       0       0       0
    2. H                     G      0            1.008000    200.00   3500.00       0       1       0       0       0
    3. O                     G      0           15.999000    200.00   3500.00       0       0       1       0       0
    4. O2                    G      0           31.997999    200.00   3500.00       0       0       2       0       0
    5. OH                    G      0           17.007000    200.00   3500.00       0       1       1       0       0
    6. H2O                   G      0           18.015000    200.00   3500.00       0       2       1       0       0
    7. HO2                   G      0           33.005999    200.00   3500.00       0       1       2       0       0
    8. H2O2                  G      0           34.013999    200.00   3500.00       0       2       2       0       0
    9. C                     G      0           12.011000    200.00   3500.00       1       0       0       0       0
   10. CH                    G      0           13.019000    200.00   3500.00       1       1       0       0       0
   11. CH2                   G      0           14.027000    200.00   3500.00       1       2       0       0       0
   12. CH2(S)                G      0           14.027000    200.00   3500.00       1       2       0       0       0
   13. CH3                   G      0           15.035000    200.00   3500.00       1       3       0       0       0
   14. CH4                   G      0           16.043000    200.00   3500.00       1       4       0       0       0
   15. CO                    G      0           28.009999    200.00   3500.00       1       0       1       0       0
   16. CO2                   G      0           44.008999    200.00   3500.00       1       0       2       0       0
   17. HCO                   G      0           29.017999    200.00   3500.00       1       1       1       0       0
   18. CH2O                  G      0           30.025999    200.00   3500.00       1       2       1       0       0
   19. CH2OH                 G      0           31.033999    200.00   3500.00       1       3       1       0       0
   20. CH3O                  G      0           31.033999    250.00   3000.00       1       3       1       0       0
   21. CH3OH                 G      0           32.041999    200.00   3500.00       1       4       1       0       0
   22. C2H                   G      0           25.029999    200.00   3500.00       2       1       0       0       0
   23. C2H2                  G      0           26.037999    200.00   3500.00       2       2       0       0       0
   24. C2H3                  G      0           27.045999    200.00   3500.00       2       3       0       0       0
   25. C2H4                  G      0           28.053999    200.00   3500.00       2       4       0       0       0
   26. C2H5                  G      0           29.061999    200.00   3500.00       2       5       0       0       0
   27. C2H6                  G      0           30.069999    200.00   3500.00       2       6       0       0       0
   28. HCCO                  G      0           41.028999    250.00   4000.00       2       1       1       0       0
   29. CH2CO                 G      0           42.036999    200.00   3500.00       2       2       1       0       0
   30. HCCOH                 G      0           42.036999    250.00   5000.00       2       2       1       0       0
   31. N2                    G      0           28.014000    250.00   5000.00       0       0       0       2       0
   32. AR                    G      0           39.948002    250.00   5000.00       0       0       0       0       1
   33. C3H7                  G      0           43.088999    250.00   5000.00       3       7       0       0       0
   34. C3H8                  G      0           44.096999    250.00   5000.00       3       8       0       0       0
   35. CH2CHO                G      0           43.044999    250.00   5000.00       2       3       1       0       0
   36. CH3CHO                G      0           44.052999    200.00   6000.00       2       4       1       0       0
----------------------------------------------------------------------------------------------------------------------

----------------------------------------------------------------------------------------------------------------------
                                                Molecular        Temperature        Elements
  Species                  Phase  Charge         weight         Low      High       C       H       O       N      AR
----------------------------------------------------------------------------------------------------------------------
    4. O2                    G      0           31.997999    200.00   3500.00       0       0       2       0       0
    3. O                     G      0           15.999000    200.00   3500.00       0       0       1       0       0
    1. H2                    G      0            2.016000    200.00   3500.00       0       2       0       0       0
   32. AR                    G      0           39.948002    250.00   5000.00       0       0       0       0       1
   31. N2                    G      0           28.014000    250.00   5000.00       0       0       0       2       0
    5. OH                    G      0           17.007000    200.00   3500.00       0       1       1       0       0
    8. H2O2                  G      0           34.013999    200.00   3500.00       0       2       2       0       0
    2. H                     G      0            1.008000    200.00   3500.00       0       1       0       0       0
    6. H2O                   G      0           18.015000    200.00   3500.00       0       2       1       0       0
    7. HO2                   G      0           33.005999    200.00   3500.00       0       1       2       0       0
   13. CH3                   G      0           15.035000    200.00   3500.00       1       3       0       0       0
   18. CH2O                  G      0           30.025999    200.00   3500.00       1       2       1       0       0
   19. CH2OH                 G      0           31.033999    200.00   3500.00       1       3       1       0       0
   20. CH3O                  G      0           31.033999    250.00   3000.00       1       3       1       0       0
   16. CO2                   G      0           44.008999    200.00   3500.00       1       0       2       0       0
   21. CH3OH                 G      0           32.041999    200.00   3500.00       1       4       1       0       0
   14. CH4                   G      0           16.043000    200.00   3500.00       1       4       0       0       0
   12. CH2(S)                G      0           14.027000    200.00   3500.00       1       2       0       0       0
   15. CO                    G      0           28.009999    200.00   3500.00       1       0       1       0       0
   17. HCO                   G      0           29.017999    200.00   3500.00       1       1       1       0       0
   10. CH                    G      0           13.019000    200.00   3500.00       1       1       0       0       0
   11. CH2                   G      0           14.027000    200.00   3500.00       1       2       0       0       0
    9. C                     G      0           12.011000    200.00   3500.00       1       0       0       0       0
   35. CH2CHO                G      0           43.044999    250.00   5000.00       2       3       1       0       0
   27. C2H6                  G      0           30.069999    200.00   3500.00       2       6       0       0       0
   26. C2H5                  G      0           29.061999    200.00   3500.00       2       5       0       0       0
   25. C2H4                  G      0           28.053999    200.00   3500.00       2       4       0       0       0
   36. CH3CHO                G      0           44.052999    200.00   6000.00       2       4       1       0       0
   28. HCCO                  G      0           41.028999    250.00   4000.00       2       1       1       0       0
   24. C2H3                  G      0           27.045999    200.00   3500.00       2       3       0       0       0
   23. C2H2                  G      0           26.037999    200.00   3500.00       2       2       0       0       0
   29. CH2CO                 G      0           42.036999    200.00   3500.00       2       2       1       0       0
   30. HCCOH                 G      0           42.036999    250.00   5000.00       2       2       1       0       0
   22. C2H                   G      0           25.029999    200.00   3500.00       2       1       0       0       0
   33. C3H7                  G      0           43.088999    250.00   5000.00       3       7       0       0       0
   34. C3H8                  G      0           44.096999    250.00   5000.00       3       8       0       0       0
----------------------------------------------------------------------------------------------------------------------

------------------------------------------------------------------------------------------------------------------
  Species                  Shape       eps/kb          sigma             mu           alfa        zRot298         
------------------------------------------------------------------------------------------------------------------
    1. H2                    1        38.0000         2.9200         0.0000         0.7900       280.0000
    2. H                     0       145.0000         2.0500         0.0000         0.0000         0.0000
    3. O                     0        80.0000         2.7500         0.0000         0.0000         0.0000
    4. O2                    1       107.4000         3.4580         0.0000         1.6000         3.8000
    5. OH                    1        80.0000         2.7500         0.0000         0.0000         0.0000
    6. H2O                   2       572.4000         2.6050         1.8440         0.0000         4.0000
    7. HO2                   2       107.4000         3.4580         0.0000         0.0000         1.0000
    8. H2O2                  2       107.4000         3.4580         0.0000         0.0000         3.8000
    9. C                     0        71.4000         3.2980         0.0000         0.0000         0.0000
   10. CH                    1        80.0000         2.7500         0.0000         0.0000         0.0000
   11. CH2                   1       144.0000         3.8000         0.0000         0.0000         0.0000
   12. CH2(S)                1       144.0000         3.8000         0.0000         0.0000         0.0000
   13. CH3                   1       144.0000         3.8000         0.0000         0.0000         0.0000
   14. CH4                   2       141.4000         3.7460         0.0000         2.6000        13.0000
   15. CO                    1        98.1000         3.6500         0.0000         1.9500         1.8000
   16. CO2                   1       244.0000         3.7630         0.0000         2.6500         2.1000
   17. HCO                   2       498.0000         3.5900         0.0000         0.0000         0.0000
   18. CH2O                  2       498.0000         3.5900         0.0000         0.0000         2.0000
   19. CH2OH                 2       417.0000         3.6900         1.7000         0.0000         2.0000
   20. CH3O                  2       417.0000         3.6900         1.7000         0.0000         2.0000
   21. CH3OH                 2       481.8000         3.6260         0.0000         0.0000         1.0000
   22. C2H                   1       209.0000         4.1000         0.0000         0.0000         2.5000
   23. C2H2                  1       209.0000         4.1000         0.0000         0.0000         2.5000
   24. C2H3                  2       209.0000         4.1000         0.0000         0.0000         1.0000
   25. C2H4                  2       280.8000         3.9710         0.0000         0.0000         1.5000
   26. C2H5                  2       252.3000         4.3020         0.0000         0.0000         1.5000
   27. C2H6                  2       252.3000         4.3020         0.0000         0.0000         1.5000
   28. HCCO                  2       150.0000         2.5000         0.0000         0.0000         1.0000
   29. CH2CO                 2       436.0000         3.9700         0.0000         0.0000         2.0000
   30. HCCOH                 2       436.0000         3.9700         0.0000         0.0000         2.0000
   31. N2                    1        97.5300         3.6210         0.0000         1.7600         4.0000
   32. AR                    0       136.5000         3.3300         0.0000         0.0000         0.0000
   33. C3H7                  2       266.8000         4.9820         0.0000         0.0000         1.0000
   34. C3H8                  2       266.8000         4.9820         0.0000         0.0000         1.0000
   35. CH2CHO                2       436.0000         3.9700         0.0000         0.0000         2.0000
   36. CH3CHO                2       436.0000         3.9700         0.0000         0.0000         2.0000
------------------------------------------------------------------------------------------------------------------


------------------------------------------------------------------------------------------------------------------
  Species                  Shape       eps/kb          sigma             mu           alfa        zRot298         
------------------------------------------------------------------------------------------------------------------
    1. H2                    1        38.0000         2.9200         0.0000         0.7900       280.0000
    2. H                     0       145.0000         2.0500         0.0000         0.0000         0.0000
    3. O                     0        80.0000         2.7500         0.0000         0.0000         0.0000
    4. O2                    1       107.4000         3.4580         0.0000         1.6000         3.8000
    5. OH                    1        80.0000         2.7500         0.0000         0.0000         0.0000
    6. H2O                   2       572.4000         2.6050         1.8440         0.0000         4.0000
    7. HO2                   2       107.4000         3.4580         0.0000         0.0000         1.0000
    8. H2O2                  2       107.4000         3.4580         0.0000         0.0000         3.8000
    9. C                     0        71.4000         3.2980         0.0000         0.0000         0.0000
   10. CH                    1        80.0000         2.7500         0.0000         0.0000         0.0000
   11. CH2                   1       144.0000         3.8000         0.0000         0.0000         0.0000
   12. CH2(S)                1       144.0000         3.8000         0.0000         0.0000         0.0000
   13. CH3                   1       144.0000         3.8000         0.0000         0.0000         0.0000
   14. CH4                   2       141.4000         3.7460         0.0000         2.6000        13.0000
   15. CO                    1        98.1000         3.6500         0.0000         1.9500         1.8000
   16. CO2                   1       244.0000         3.7630         0.0000         2.6500         2.1000
   17. HCO                   2       498.0000         3.5900         0.0000         0.0000         0.0000
   18. CH2O                  2       498.0000         3.5900         0.0000         0.0000         2.0000
   19. CH2OH                 2       417.0000         3.6900         1.7000         0.0000         2.0000
   20. CH3O                  2       417.0000         3.6900         1.7000         0.0000         2.0000
   21. CH3OH                 2       481.8000         3.6260         0.0000         0.0000         1.0000
   22. C2H                   1       209.0000         4.1000         0.0000         0.0000         2.5000
   23. C2H2                  1       209.0000         4.1000         0.0000         0.0000         2.5000
   24. C2H3                  2       209.0000         4.1000         0.0000         0.0000         1.0000
   25. C2H4                  2       280.8000         3.9710         0.0000         0.0000         1.5000
   26. C2H5                  2       252.3000         4.3020         0.0000         0.0000         1.5000
   27. C2H6                  2       252.3000         4.3020         0.0000         0.0000         1.5000
   28. HCCO                  2       150.0000         2.5000         0.0000         0.0000         1.0000
   29. CH2CO                 2       436.0000         3.9700         0.0000         0.0000         2.0000
   30. HCCOH                 2       436.0000         3.9700         0.0000         0.0000         2.0000
   31. N2                    1        97.5300         3.6210         0.0000         1.7600         4.0000
   32. AR                    0       136.5000         3.3300         0.0000         0.0000         0.0000
   33. C3H7                  2       266.8000         4.9820         0.0000         0.0000         1.0000
   34. C3H8                  2       266.8000         4.9820         0.0000         0.0000         1.0000
   35. CH2CHO                2       436.0000         3.9700         0.0000         0.0000         2.0000
   36. CH3CHO                2       436.0000         3.9700         0.0000         0.0000         2.0000
------------------------------------------------------------------------------------------------------------------


---------------------------------------------------------------------------------------
                                  CHEMICAL REACTIONS                                   

                          Units: [mol, cm3, s] and [cal/mol]                           
---------------------------------------------------------------------------------------


      1. 2O +M  = O2 +M 
         k:       1.200000e+17	   -1.00          0.00
         Third body efficiencies
         H2                  	enhanced by	   2.400
         H2O                 	enhanced by	  15.400
         CH4                 	enhanced by	   2.000
         CO                  	enhanced by	   1.750
         CO2                 	enhanced by	   3.600
         C2H6                	enhanced by	   3.000
         AR                  	enhanced by	   0.830


      2. H + O +M  = OH +M 
         k:       5.000000e+17	   -1.00          0.00
         Third body efficiencies
         H2                  	enhanced by	   2.000
         H2O                 	enhanced by	   6.000
         CH4                 	enhanced by	   2.000
         CO                  	enhanced by	   1.500
         CO2                 	enhanced by	   2.000
         C2H6                	enhanced by	   3.000
         AR                  	enhanced by	   0.700


      3. H2 + O  = H + OH 
         k:       3.870000e+04	    2.70       6260.00


      4. O + HO2  = O2 + OH 
         k:       2.000000e+13	    0.00          0.00


      5. O + H2O2  = OH + HO2 
         k:       9.630000e+06	    2.00       4000.00


      6. O + CH  = H + CO 
         k:       5.700000e+13	    0.00          0.00


      7. O + CH2  = H + HCO 
         k:       8.000000e+13	    0.00          0.00


      8. O + CH2(S)  = H2 + CO 
         k:       1.500000e+13	    0.00          0.00


      9. O + CH2(S)  = H + HCO 
         k:       1.500000e+13	    0.00          0.00


     10. O + CH3  = H + CH2O 
         k:       5.060000e+13	    0.00          0.00


     11. O + CH4  = OH + CH3 
         k:       1.020000e+09	    1.50       8600.00


     12. O + CO (+M)  = CO2 (+M) 
         Fall-off (Lindemann)
         k0:      6.020000e+14	    0.00       3000.00
         kInf:    1.800000e+10	    0.00       2385.00
         Third body efficiencies
         H2                  	enhanced by	   2.000
         O2                  	enhanced by	   6.000
         H2O                 	enhanced by	   6.000
         CH4                 	enhanced by	   2.000
         CO                  	enhanced by	   1.500
         CO2                 	enhanced by	   3.500
         C2H6                	enhanced by	   3.000
         AR                  	enhanced by	   0.500


     13. O + HCO  = OH + CO 
         k:       3.000000e+13	    0.00          0.00


     14. O + HCO  = H + CO2 
         k:       3.000000e+13	    0.00          0.00


     15. O + CH2O  = OH + HCO 
         k:       3.900000e+13	    0.00       3540.00


     16. O + CH2OH  = OH + CH2O 
         k:       1.000000e+13	    0.00          0.00


     17. O + CH3O  = OH + CH2O 
         k:       1.000000e+13	    0.00          0.00


     18. O + CH3OH  = OH + CH2OH 
         k:       3.880000e+05	    2.50       3100.00


     19. O + CH3OH  = OH + CH3O 
         k:       1.300000e+05	    2.50       5000.00


     20. O + C2H  = CH + CO 
         k:       5.000000e+13	    0.00          0.00


     21. O + C2H2  = H + HCCO 
         k:       1.350000e+07	    2.00       1900.00


     22. O + C2H2  = OH + C2H 
         k:       4.600000e+19	   -1.41      28950.00


     23. O + C2H2  = CH2 + CO 
         k:       6.940000e+06	    2.00       1900.00


     24. O + C2H3  = H + CH2CO 
         k:       3.000000e+13	    0.00          0.00


     25. O + C2H4  = CH3 + HCO 
         k:       1.250000e+07	    1.83        220.00


     26. O + C2H5  = CH3 + CH2O 
         k:       2.240000e+13	    0.00          0.00


     27. O + C2H6  = OH + C2H5 
         k:       8.980000e+07	    1.92       5690.00


     28. O + HCCO  = H + 2CO 
         k:       1.000000e+14	    0.00          0.00


     29. O + CH2CO  = OH + HCCO 
         k:       1.000000e+13	    0.00       8000.00


     30. O + CH2CO  = CH2 + CO2 
         k:       1.750000e+12	    0.00       1350.00


     31. O2 + CO  = O + CO2 
         k:       2.500000e+12	    0.00      47800.00


     32. O2 + CH2O  = HO2 + HCO 
         k:       1.000000e+14	    0.00      40000.00


     33. H + O2 +M  = HO2 +M 
         k:       2.800000e+18	   -0.86          0.00
         Third body efficiencies
         O2                  	enhanced by	   0.000
         H2O                 	enhanced by	   0.000
         CO                  	enhanced by	   0.750
         CO2                 	enhanced by	   1.500
         C2H6                	enhanced by	   1.500
         N2                  	enhanced by	   0.000
         AR                  	enhanced by	   0.000


     34. H + 2O2  = O2 + HO2 
         k:       2.080000e+19	   -1.24          0.00


     35. H + O2 + H2O  = H2O + HO2 
         k:       1.126000e+19	   -0.76          0.00


     36. H + O2 + N2  = HO2 + N2 
         k:       2.600000e+19	   -1.24          0.00


     37. H + O2 + AR  = HO2 + AR 
         k:       7.000000e+17	   -0.80          0.00


     38. H + O2  = O + OH 
         k:       2.650000e+16	   -0.67      17041.00


     39. 2H +M  = H2 +M 
         k:       1.000000e+18	   -1.00          0.00
         Third body efficiencies
         H2                  	enhanced by	   0.000
         H2O                 	enhanced by	   0.000
         CH4                 	enhanced by	   2.000
         CO2                 	enhanced by	   0.000
         C2H6                	enhanced by	   3.000
         AR                  	enhanced by	   0.630


     40. H2 + 2H  = 2H2 
         k:       9.000000e+16	   -0.60          0.00


     41. 2H + H2O  = H2 + H2O 
         k:       6.000000e+19	   -1.25          0.00


     42. 2H + CO2  = H2 + CO2 
         k:       5.500000e+20	   -2.00          0.00


     43. H + OH +M  = H2O +M 
         k:       2.200000e+22	   -2.00          0.00
         Third body efficiencies
         H2                  	enhanced by	   0.730
         H2O                 	enhanced by	   3.650
         CH4                 	enhanced by	   2.000
         C2H6                	enhanced by	   3.000
         AR                  	enhanced by	   0.380


     44. H + HO2  = O + H2O 
         k:       3.970000e+12	    0.00        671.00


     45. H + HO2  = H2 + O2 
         k:       4.480000e+13	    0.00       1068.00


     46. H + HO2  = 2OH 
         k:       8.400000e+13	    0.00        635.00


     47. H + H2O2  = H2 + HO2 
         k:       1.210000e+07	    2.00       5200.00


     48. H + H2O2  = OH + H2O 
         k:       1.000000e+13	    0.00       3600.00


     49. H + CH  = H2 + C 
         k:       1.650000e+14	    0.00          0.00


     50. H + CH2 (+M)  = CH3 (+M) 
         Fall-off (Troe)
         k0:      1.040000e+26	   -2.76       1600.00
         kInf:    6.000000e+14	    0.00          0.00
         Troe Parameters
         a    5.62e-01
         T*** 9.10e+01
         T*   5.84e+03
         T**  8.55e+03
         Third body efficiencies
         H2                  	enhanced by	   2.000
         H2O                 	enhanced by	   6.000
         CH4                 	enhanced by	   2.000
         CO                  	enhanced by	   1.500
         CO2                 	enhanced by	   2.000
         C2H6                	enhanced by	   3.000
         AR                  	enhanced by	   0.700


     51. H + CH2(S)  = H2 + CH 
         k:       3.000000e+13	    0.00          0.00


     52. H + CH3 (+M)  = CH4 (+M) 
         Fall-off (Troe)
         k0:      2.620000e+33	   -4.76       2440.00
         kInf:    1.390000e+16	   -0.53        536.00
         Troe Parameters
         a    7.83e-01
         T*** 7.40e+01
         T*   2.94e+03
         T**  6.96e+03
         Third body efficiencies
         H2                  	enhanced by	   2.000
         H2O                 	enhanced by	   6.000
         CH4                 	enhanced by	   3.000
         CO                  	enhanced by	   1.500
         CO2                 	enhanced by	   2.000
         C2H6                	enhanced by	   3.000
         AR                  	enhanced by	   0.700


     53. H + CH4  = H2 + CH3 
         k:       6.600000e+08	    1.62      10840.00


     54. H + HCO (+M)  = CH2O (+M) 
         Fall-off (Troe)
         k0:      2.470000e+24	   -2.57        425.00
         kInf:    1.090000e+12	    0.48       -260.00
         Troe Parameters
         a    7.82e-01
         T*** 2.71e+02
         T*   2.76e+03
         T**  6.57e+03
         Third body efficiencies
         H2                  	enhanced by	   2.000
         H2O                 	enhanced by	   6.000
         CH4                 	enhanced by	   2.000
         CO                  	enhanced by	   1.500
         CO2                 	enhanced by	   2.000
         C2H6                	enhanced by	   3.000
         AR                  	enhanced by	   0.700


     55. H + HCO  = H2 + CO 
         k:       7.340000e+13	    0.00          0.00


     56. H + CH2O (+M)  = CH2OH (+M) 
         Fall-off (Troe)
         k0:      1.270000e+32	   -4.82       6530.00
         kInf:    5.400000e+11	    0.45       3600.00
         Troe Parameters
         a    7.19e-01
         T*** 1.03e+02
         T*   1.29e+03
         T**  4.16e+03
         Third body efficiencies
         H2                  	enhanced by	   2.000
         H2O                 	enhanced by	   6.000
         CH4                 	enhanced by	   2.000
         CO                  	enhanced by	   1.500
         CO2                 	enhanced by	   2.000
         C2H6                	enhanced by	   3.000


     57. H + CH2O (+M)  = CH3O (+M) 
         Fall-off (Troe)
         k0:      2.200000e+30	   -4.80       5560.00
         kInf:    5.400000e+11	    0.45       2600.00
         Troe Parameters
         a    7.58e-01
         T*** 9.40e+01
         T*   1.56e+03
         T**  4.20e+03
         Third body efficiencies
         H2                  	enhanced by	   2.000
         H2O                 	enhanced by	   6.000
         CH4                 	enhanced by	   2.000
         CO                  	enhanced by	   1.500
         CO2                 	enhanced by	   2.000
         C2H6                	enhanced by	   3.000


     58. H + CH2O  = H2 + HCO 
         k:       5.740000e+07	    1.90       2742.00


     59. H + CH2OH (+M)  = CH3OH (+M) 
         Fall-off (Troe)
         k0:      4.360000e+31	   -4.65       5080.00
         kInf:    1.055000e+12	    0.50         86.00
         Troe Parameters
         a    6.00e-01
         T*** 1.00e+02
         T*   9.00e+04
         T**  1.00e+04
         Third body efficiencies
         H2                  	enhanced by	   2.000
         H2O                 	enhanced by	   6.000
         CH4                 	enhanced by	   2.000
         CO                  	enhanced by	   1.500
         CO2                 	enhanced by	   2.000
         C2H6                	enhanced by	   3.000


     60. H + CH2OH  = H2 + CH2O 
         k:       2.000000e+13	    0.00          0.00


     61. H + CH2OH  = OH + CH3 
         k:       1.650000e+11	    0.65       -284.00


     62. H + CH2OH  = H2O + CH2(S) 
         k:       3.280000e+13	   -0.09        610.00


     63. H + CH3O (+M)  = CH3OH (+M) 
         Fall-off (Troe)
         k0:      4.660000e+41	   -7.44      14080.00
         kInf:    2.430000e+12	    0.52         50.00
         Troe Parameters
         a    7.00e-01
         T*** 1.00e+02
         T*   9.00e+04
         T**  1.00e+04
         Third body efficiencies
         H2                  	enhanced by	   2.000
         H2O                 	enhanced by	   6.000
         CH4                 	enhanced by	   2.000
         CO                  	enhanced by	   1.500
         CO2                 	enhanced by	   2.000
         C2H6                	enhanced by	   3.000


     64. H + CH3O  = H + CH2OH 
         k:       4.150000e+07	    1.63       1924.00


     65. H + CH3O  = H2 + CH2O 
         k:       2.000000e+13	    0.00          0.00


     66. H + CH3O  = OH + CH3 
         k:       1.500000e+12	    0.50       -110.00


     67. H + CH3O  = H2O + CH2(S) 
         k:       2.620000e+14	   -0.23       1070.00


     68. H + CH3OH  = H2 + CH2OH 
         k:       1.700000e+07	    2.10       4870.00


     69. H + CH3OH  = H2 + CH3O 
         k:       4.200000e+06	    2.10       4870.00


     70. H + C2H (+M)  = C2H2 (+M) 
         Fall-off (Troe)
         k0:      3.750000e+33	   -4.80       1900.00
         kInf:    1.000000e+17	   -1.00          0.00
         Troe Parameters
         a    6.46e-01
         T*** 1.32e+02
         T*   1.32e+03
         T**  5.57e+03
         Third body efficiencies
         H2                  	enhanced by	   2.000
         H2O                 	enhanced by	   6.000
         CH4                 	enhanced by	   2.000
         CO                  	enhanced by	   1.500
         CO2                 	enhanced by	   2.000
         C2H6                	enhanced by	   3.000
         AR                  	enhanced by	   0.700


     71. H + C2H2 (+M)  = C2H3 (+M) 
         Fall-off (Troe)
         k0:      3.800000e+40	   -7.27       7220.00
         kInf:    5.600000e+12	    0.00       2400.00
         Troe Parameters
         a    7.51e-01
         T*** 9.85e+01
         T*   1.30e+03
         T**  4.17e+03
         Third body efficiencies
         H2                  	enhanced by	   2.000
         H2O                 	enhanced by	   6.000
         CH4                 	enhanced by	   2.000
         CO                  	enhanced by	   1.500
         CO2                 	enhanced by	   2.000
         C2H6                	enhanced by	   3.000
         AR                  	enhanced by	   0.700


     72. H + C2H3 (+M)  = C2H4 (+M) 
         Fall-off (Troe)
         k0:      1.400000e+30	   -3.86       3320.00
         kInf:    6.080000e+12	    0.27        280.00
         Troe Parameters
         a    7.82e-01
         T*** 2.08e+02
         T*   2.66e+03
         T**  6.10e+03
         Third body efficiencies
         H2                  	enhanced by	   2.000
         H2O                 	enhanced by	   6.000
         CH4                 	enhanced by	   2.000
         CO                  	enhanced by	   1.500
         CO2                 	enhanced by	   2.000
         C2H6                	enhanced by	   3.000
         AR                  	enhanced by	   0.700


     73. H + C2H3  = H2 + C2H2 
         k:       3.000000e+13	    0.00          0.00


     74. H + C2H4 (+M)  = C2H5 (+M) 
         Fall-off (Troe)
         k0:      6.000000e+41	   -7.62       6970.00
         kInf:    5.400000e+11	    0.45       1820.00
         Troe Parameters
         a    9.75e-01
         T*** 2.10e+02
         T*   9.84e+02
         T**  4.37e+03
         Third body efficiencies
         H2                  	enhanced by	   2.000
         H2O                 	enhanced by	   6.000
         CH4                 	enhanced by	   2.000
         CO                  	enhanced by	   1.500
         CO2                 	enhanced by	   2.000
         C2H6                	enhanced by	   3.000
         AR                  	enhanced by	   0.700


     75. H + C2H4  = H2 + C2H3 
         k:       1.325000e+06	    2.53      12240.00


     76. H + C2H5 (+M)  = C2H6 (+M) 
         Fall-off (Troe)
         k0:      1.990000e+41	   -7.08       6685.00
         kInf:    5.210000e+17	   -0.99       1580.00
         Troe Parameters
         a    8.42e-01
         T*** 1.25e+02
         T*   2.22e+03
         T**  6.88e+03
         Third body efficiencies
         H2                  	enhanced by	   2.000
         H2O                 	enhanced by	   6.000
         CH4                 	enhanced by	   2.000
         CO                  	enhanced by	   1.500
         CO2                 	enhanced by	   2.000
         C2H6                	enhanced by	   3.000
         AR                  	enhanced by	   0.700


     77. H + C2H5  = H2 + C2H4 
         k:       2.000000e+12	    0.00          0.00


     78. H + C2H6  = H2 + C2H5 
         k:       1.150000e+08	    1.90       7530.00


     79. H + HCCO  = CH2(S) + CO 
         k:       1.000000e+14	    0.00          0.00


     80. H + CH2CO  = H2 + HCCO 
         k:       5.000000e+13	    0.00       8000.00


     81. H + CH2CO  = CH3 + CO 
         k:       1.130000e+13	    0.00       3428.00


     82. H + HCCOH  = H + CH2CO 
         k:       1.000000e+13	    0.00          0.00


     83. H2 + CO (+M)  = CH2O (+M) 
         Fall-off (Troe)
         k0:      5.070000e+27	   -3.42      84350.00
         kInf:    4.300000e+07	    1.50      79600.00
         Troe Parameters
         a    9.32e-01
         T*** 1.97e+02
         T*   1.54e+03
         T**  1.03e+04
         Third body efficiencies
         H2                  	enhanced by	   2.000
         H2O                 	enhanced by	   6.000
         CH4                 	enhanced by	   2.000
         CO                  	enhanced by	   1.500
         CO2                 	enhanced by	   2.000
         C2H6                	enhanced by	   3.000
         AR                  	enhanced by	   0.700


     84. H2 + OH  = H + H2O 
         k:       2.160000e+08	    1.51       3430.00


     85. 2OH (+M)  = H2O2 (+M) 
         Fall-off (Troe)
         k0:      2.300000e+18	   -0.90      -1700.00
         kInf:    7.400000e+13	   -0.37          0.00
         Troe Parameters
         a    7.35e-01
         T*** 9.40e+01
         T*   1.76e+03
         T**  5.18e+03
         Third body efficiencies
         H2                  	enhanced by	   2.000
         H2O                 	enhanced by	   6.000
         CH4                 	enhanced by	   2.000
         CO                  	enhanced by	   1.500
         CO2                 	enhanced by	   2.000
         C2H6                	enhanced by	   3.000
         AR                  	enhanced by	   0.700


     86. 2OH  = O + H2O 
         k:       3.570000e+04	    2.40      -2110.00


     87. OH + HO2  = O2 + H2O 
         k:       1.450000e+13	    0.00       -500.00


     88. OH + H2O2  = H2O + HO2 
         k:       2.000000e+12	    0.00        427.00


     89. OH + H2O2  = H2O + HO2 
         k:       1.700000e+18	    0.00      29410.00


     90. OH + C  = H + CO 
         k:       5.000000e+13	    0.00          0.00


     91. OH + CH  = H + HCO 
         k:       3.000000e+13	    0.00          0.00


     92. OH + CH2  = H + CH2O 
         k:       2.000000e+13	    0.00          0.00


     93. OH + CH2  = H2O + CH 
         k:       1.130000e+07	    2.00       3000.00


     94. OH + CH2(S)  = H + CH2O 
         k:       3.000000e+13	    0.00          0.00


     95. OH + CH3 (+M)  = CH3OH (+M) 
         Fall-off (Troe)
         k0:      4.000000e+36	   -5.92       3140.00
         kInf:    2.790000e+18	   -1.43       1330.00
         Troe Parameters
         a    4.12e-01
         T*** 1.95e+02
         T*   5.90e+03
         T**  6.39e+03
         Third body efficiencies
         H2                  	enhanced by	   2.000
         H2O                 	enhanced by	   6.000
         CH4                 	enhanced by	   2.000
         CO                  	enhanced by	   1.500
         CO2                 	enhanced by	   2.000
         C2H6                	enhanced by	   3.000


     96. OH + CH3  = H2O + CH2 
         k:       5.600000e+07	    1.60       5420.00


     97. OH + CH3  = H2O + CH2(S) 
         k:       6.440000e+17	   -1.34       1417.00


     98. OH + CH4  = H2O + CH3 
         k:       1.000000e+08	    1.60       3120.00


     99. OH + CO  = H + CO2 
         k:       4.760000e+07	    1.23         70.00


    100. OH + HCO  = H2O + CO 
         k:       5.000000e+13	    0.00          0.00


    101. OH + CH2O  = H2O + HCO 
         k:       3.430000e+09	    1.18       -447.00


    102. OH + CH2OH  = H2O + CH2O 
         k:       5.000000e+12	    0.00          0.00


    103. OH + CH3O  = H2O + CH2O 
         k:       5.000000e+12	    0.00          0.00


    104. OH + CH3OH  = H2O + CH2OH 
         k:       1.440000e+06	    2.00       -840.00


    105. OH + CH3OH  = H2O + CH3O 
         k:       6.300000e+06	    2.00       1500.00


    106. OH + C2H  = H + HCCO 
         k:       2.000000e+13	    0.00          0.00


    107. OH + C2H2  = H + CH2CO 
         k:       2.180000e-04	    4.50      -1000.00


    108. OH + C2H2  = H + HCCOH 
         k:       5.040000e+05	    2.30      13500.00


    109. OH + C2H2  = H2O + C2H 
         k:       3.370000e+07	    2.00      14000.00


    110. OH + C2H2  = CH3 + CO 
         k:       4.830000e-04	    4.00      -2000.00


    111. OH + C2H3  = H2O + C2H2 
         k:       5.000000e+12	    0.00          0.00


    112. OH + C2H4  = H2O + C2H3 
         k:       3.600000e+06	    2.00       2500.00


    113. OH + C2H6  = H2O + C2H5 
         k:       3.540000e+06	    2.12        870.00


    114. OH + CH2CO  = H2O + HCCO 
         k:       7.500000e+12	    0.00       2000.00


    115. 2HO2  = O2 + H2O2 
         k:       1.300000e+11	    0.00      -1630.00


    116. 2HO2  = O2 + H2O2 
         k:       4.200000e+14	    0.00      12000.00


    117. HO2 + CH2  = OH + CH2O 
         k:       2.000000e+13	    0.00          0.00


    118. HO2 + CH3  = O2 + CH4 
         k:       1.000000e+12	    0.00          0.00


    119. HO2 + CH3  = OH + CH3O 
         k:       3.780000e+13	    0.00          0.00


    120. HO2 + CO  = OH + CO2 
         k:       1.500000e+14	    0.00      23600.00


    121. HO2 + CH2O  = H2O2 + HCO 
         k:       5.600000e+06	    2.00      12000.00


    122. O2 + C  = O + CO 
         k:       5.800000e+13	    0.00        576.00


    123. C + CH2  = H + C2H 
         k:       5.000000e+13	    0.00          0.00


    124. C + CH3  = H + C2H2 
         k:       5.000000e+13	    0.00          0.00


    125. O2 + CH  = O + HCO 
         k:       6.710000e+13	    0.00          0.00


    126. H2 + CH  = H + CH2 
         k:       1.080000e+14	    0.00       3110.00


    127. H2O + CH  = H + CH2O 
         k:       5.710000e+12	    0.00       -755.00


    128. CH + CH2  = H + C2H2 
         k:       4.000000e+13	    0.00          0.00


    129. CH + CH3  = H + C2H3 
         k:       3.000000e+13	    0.00          0.00


    130. CH + CH4  = H + C2H4 
         k:       6.000000e+13	    0.00          0.00


    131. CH + CO (+M)  = HCCO (+M) 
         Fall-off (Troe)
         k0:      2.690000e+28	   -3.74       1936.00
         kInf:    5.000000e+13	    0.00          0.00
         Troe Parameters
         a    5.76e-01
         T*** 2.37e+02
         T*   1.65e+03
         T**  5.07e+03
         Third body efficiencies
         H2                  	enhanced by	   2.000
         H2O                 	enhanced by	   6.000
         CH4                 	enhanced by	   2.000
         CO                  	enhanced by	   1.500
         CO2                 	enhanced by	   2.000
         C2H6                	enhanced by	   3.000
         AR                  	enhanced by	   0.700


    132. CH + CO2  = CO + HCO 
         k:       1.900000e+14	    0.00      15792.00


    133. CH + CH2O  = H + CH2CO 
         k:       9.460000e+13	    0.00       -515.00


    134. CH + HCCO  = CO + C2H2 
         k:       5.000000e+13	    0.00          0.00


    135. O2 + CH2  => H + OH + CO 
         k:       5.000000e+12	    0.00       1500.00


    136. H2 + CH2  = H + CH3 
         k:       5.000000e+05	    2.00       7230.00


    137. 2CH2  = H2 + C2H2 
         k:       1.600000e+15	    0.00      11944.00


    138. CH2 + CH3  = H + C2H4 
         k:       4.000000e+13	    0.00          0.00


    139. CH2 + CH4  = 2CH3 
         k:       2.460000e+06	    2.00       8270.00


    140. CH2 + CO (+M)  = CH2CO (+M) 
         Fall-off (Troe)
         k0:      2.690000e+33	   -5.11       7095.00
         kInf:    8.100000e+11	    0.50       4510.00
         Troe Parameters
         a    5.91e-01
         T*** 2.75e+02
         T*   1.23e+03
         T**  5.18e+03
         Third body efficiencies
         H2                  	enhanced by	   2.000
         H2O                 	enhanced by	   6.000
         CH4                 	enhanced by	   2.000
         CO                  	enhanced by	   1.500
         CO2                 	enhanced by	   2.000
         C2H6                	enhanced by	   3.000
         AR                  	enhanced by	   0.700


    141. CH2 + HCCO  = CO + C2H3 
         k:       3.000000e+13	    0.00          0.00


    142. CH2(S) + N2  = CH2 + N2 
         k:       1.500000e+13	    0.00        600.00


    143. CH2(S) + AR  = CH2 + AR 
         k:       9.000000e+12	    0.00        600.00


    144. O2 + CH2(S)  = H + OH + CO 
         k:       2.800000e+13	    0.00          0.00


    145. O2 + CH2(S)  = H2O + CO 
         k:       1.200000e+13	    0.00          0.00


    146. H2 + CH2(S)  = H + CH3 
         k:       7.000000e+13	    0.00          0.00


    147. H2O + CH2(S) (+M)  = CH3OH (+M) 
         Fall-off (Troe)
         k0:      1.880000e+38	   -6.36       5040.00
         kInf:    4.820000e+17	   -1.16       1145.00
         Troe Parameters
         a    6.03e-01
         T*** 2.08e+02
         T*   3.92e+03
         T**  1.02e+04
         Third body efficiencies
         H2                  	enhanced by	   2.000
         H2O                 	enhanced by	   6.000
         CH4                 	enhanced by	   2.000
         CO                  	enhanced by	   1.500
         CO2                 	enhanced by	   2.000
         C2H6                	enhanced by	   3.000


    148. H2O + CH2(S)  = H2O + CH2 
         k:       3.000000e+13	    0.00          0.00


    149. CH2(S) + CH3  = H + C2H4 
         k:       1.200000e+13	    0.00       -570.00


    150. CH2(S) + CH4  = 2CH3 
         k:       1.600000e+13	    0.00       -570.00


    151. CH2(S) + CO  = CH2 + CO 
         k:       9.000000e+12	    0.00          0.00


    152. CH2(S) + CO2  = CH2 + CO2 
         k:       7.000000e+12	    0.00          0.00


    153. CH2(S) + CO2  = CO + CH2O 
         k:       1.400000e+13	    0.00          0.00


    154. CH2(S) + C2H6  = CH3 + C2H5 
         k:       4.000000e+13	    0.00       -550.00


    155. O2 + CH3  = O + CH3O 
         k:       3.560000e+13	    0.00      30480.00


    156. O2 + CH3  = OH + CH2O 
         k:       2.310000e+12	    0.00      20315.00


    157. H2O2 + CH3  = HO2 + CH4 
         k:       2.450000e+04	    2.47       5180.00


    158. 2CH3 (+M)  = C2H6 (+M) 
         Fall-off (Troe)
         k0:      3.400000e+41	   -7.03       2762.00
         kInf:    6.770000e+16	   -1.18        654.00
         Troe Parameters
         a    6.19e-01
         T*** 7.32e+01
         T*   1.18e+03
         T**  1.00e+04
         Third body efficiencies
         H2                  	enhanced by	   2.000
         H2O                 	enhanced by	   6.000
         CH4                 	enhanced by	   2.000
         CO                  	enhanced by	   1.500
         CO2                 	enhanced by	   2.000
         C2H6                	enhanced by	   3.000
         AR                  	enhanced by	   0.700


    159. 2CH3  = H + C2H5 
         k:       6.840000e+12	    0.10      10600.00


    160. CH3 + HCO  = CH4 + CO 
         k:       2.648000e+13	    0.00          0.00


    161. CH3 + CH2O  = CH4 + HCO 
         k:       3.320000e+03	    2.81       5860.00


    162. CH3 + CH3OH  = CH4 + CH2OH 
         k:       3.000000e+07	    1.50       9940.00


    163. CH3 + CH3OH  = CH4 + CH3O 
         k:       1.000000e+07	    1.50       9940.00


    164. CH3 + C2H4  = CH4 + C2H3 
         k:       2.270000e+05	    2.00       9200.00


    165. CH3 + C2H6  = CH4 + C2H5 
         k:       6.140000e+06	    1.74      10450.00


    166. H2O + HCO  = H + H2O + CO 
         k:       1.500000e+18	   -1.00      17000.00


    167. HCO +M  = H + CO +M 
         k:       1.870000e+17	   -1.00      17000.00
         Third body efficiencies
         H2                  	enhanced by	   2.000
         H2O                 	enhanced by	   0.000
         CH4                 	enhanced by	   2.000
         CO                  	enhanced by	   1.500
         CO2                 	enhanced by	   2.000
         C2H6                	enhanced by	   3.000


    168. O2 + HCO  = HO2 + CO 
         k:       1.345000e+13	    0.00        400.00


    169. O2 + CH2OH  = HO2 + CH2O 
         k:       1.800000e+13	    0.00        900.00


    170. O2 + CH3O  = HO2 + CH2O 
         k:       4.280000e-13	    7.60      -3530.00


    171. O2 + C2H  = CO + HCO 
         k:       1.000000e+13	    0.00       -755.00


    172. H2 + C2H  = H + C2H2 
         k:       5.680000e+10	    0.90       1993.00


    173. O2 + C2H3  = HCO + CH2O 
         k:       4.580000e+16	   -1.39       1015.00


    174. C2H4 (+M)  = H2 + C2H2 (+M) 
         Fall-off (Troe)
         k0:      1.580000e+51	   -9.30      97800.00
         kInf:    8.000000e+12	    0.44      86770.00
         Troe Parameters
         a    7.35e-01
         T*** 1.80e+02
         T*   1.04e+03
         T**  5.42e+03
         Third body efficiencies
         H2                  	enhanced by	   2.000
         H2O                 	enhanced by	   6.000
         CH4                 	enhanced by	   2.000
         CO                  	enhanced by	   1.500
         CO2                 	enhanced by	   2.000
         C2H6                	enhanced by	   3.000
         AR                  	enhanced by	   0.700


    175. O2 + C2H5  = HO2 + C2H4 
         k:       8.400000e+11	    0.00       3875.00


    176. O2 + HCCO  = OH + 2CO 
         k:       3.200000e+12	    0.00        854.00


    177. 2HCCO  = 2CO + C2H2 
         k:       1.000000e+13	    0.00          0.00


    178. O + CH3  => H2 + H + CO 
         k:       3.370000e+13	    0.00          0.00


    179. O + C2H4  = H + CH2CHO 
         k:       6.700000e+06	    1.83        220.00


    180. O + C2H5  = H + CH3CHO 
         k:       1.096000e+14	    0.00          0.00


    181. OH + HO2  = O2 + H2O 
         k:       5.000000e+15	    0.00      17330.00


    182. OH + CH3  => H2 + CH2O 
         k:       8.000000e+09	    0.50      -1755.00


    183. H2 + CH (+M)  = CH3 (+M) 
         Fall-off (Troe)
         k0:      4.820000e+25	   -2.80        590.00
         kInf:    1.970000e+12	    0.43       -370.00
         Troe Parameters
         a    5.78e-01
         T*** 1.22e+02
         T*   2.54e+03
         T**  9.36e+03
         Third body efficiencies
         H2                  	enhanced by	   2.000
         H2O                 	enhanced by	   6.000
         CH4                 	enhanced by	   2.000
         CO                  	enhanced by	   1.500
         CO2                 	enhanced by	   2.000
         C2H6                	enhanced by	   3.000
         AR                  	enhanced by	   0.700


    184. O2 + CH2  => 2H + CO2 
         k:       5.800000e+12	    0.00       1500.00


    185. O2 + CH2  = O + CH2O 
         k:       2.400000e+12	    0.00       1500.00


    186. 2CH2  => 2H + C2H2 
         k:       2.000000e+14	    0.00      10989.00


    187. H2O + CH2(S)  => H2 + CH2O 
         k:       6.820000e+10	    0.25       -935.00


    188. O2 + C2H3  = O + CH2CHO 
         k:       3.030000e+11	    0.29         11.00


    189. O2 + C2H3  = HO2 + C2H2 
         k:       1.337000e+06	    1.61       -384.00


    190. O + CH3CHO  = OH + CH2CHO 
         k:       2.920000e+12	    0.00       1808.00


    191. O + CH3CHO  => OH + CH3 + CO 
         k:       2.920000e+12	    0.00       1808.00


    192. O2 + CH3CHO  => HO2 + CH3 + CO 
         k:       3.010000e+13	    0.00      39150.00


    193. H + CH3CHO  = H2 + CH2CHO 
         k:       2.050000e+09	    1.16       2405.00


    194. H + CH3CHO  => H2 + CH3 + CO 
         k:       2.050000e+09	    1.16       2405.00


    195. OH + CH3CHO  => H2O + CH3 + CO 
         k:       2.343000e+10	    0.73      -1113.00


    196. HO2 + CH3CHO  => H2O2 + CH3 + CO 
         k:       3.010000e+12	    0.00      11923.00


    197. CH3 + CH3CHO  => CH3 + CH4 + CO 
         k:       2.720000e+06	    1.77       5920.00


    198. H + CH2CO (+M)  = CH2CHO (+M) 
         Fall-off (Troe)
         k0:      1.012000e+42	   -7.63       3854.00
         kInf:    4.865000e+11	    0.42      -1755.00
         Troe Parameters
         a    4.65e-01
         T*** 2.01e+02
         T*   1.77e+03
         T**  5.33e+03
         Third body efficiencies
         H2                  	enhanced by	   2.000
         H2O                 	enhanced by	   6.000
         CH4                 	enhanced by	   2.000
         CO                  	enhanced by	   1.500
         CO2                 	enhanced by	   2.000
         C2H6                	enhanced by	   3.000
         AR                  	enhanced by	   0.700


    199. O + CH2CHO  => H + CH2 + CO2 
         k:       1.500000e+14	    0.00          0.00


    200. O2 + CH2CHO  => OH + CO + CH2O 
         k:       1.810000e+10	    0.00          0.00


    201. O2 + CH2CHO  => OH + 2HCO 
         k:       2.350000e+10	    0.00          0.00


    202. H + CH2CHO  = CH3 + HCO 
         k:       2.200000e+13	    0.00          0.00


    203. H + CH2CHO  = H2 + CH2CO 
         k:       1.100000e+13	    0.00          0.00


    204. OH + CH2CHO  = H2O + CH2CO 
         k:       1.200000e+13	    0.00          0.00


    205. OH + CH2CHO  = HCO + CH2OH 
         k:       3.010000e+13	    0.00          0.00


    206. CH3 + C2H5 (+M)  = C3H8 (+M) 
         Fall-off (Troe)
         k0:      2.710000e+74	  -16.82      13065.00
         kInf:    9.430000e+12	    0.00          0.00
         Troe Parameters
         a    1.53e-01
         T*** 2.91e+02
         T*   2.74e+03
         T**  7.75e+03
         Third body efficiencies
         H2                  	enhanced by	   2.000
         H2O                 	enhanced by	   6.000
         CH4                 	enhanced by	   2.000
         CO                  	enhanced by	   1.500
         CO2                 	enhanced by	   2.000
         C2H6                	enhanced by	   3.000
         AR                  	enhanced by	   0.700


    207. O + C3H8  = OH + C3H7 
         k:       1.930000e+05	    2.68       3716.00


    208. H + C3H8  = H2 + C3H7 
         k:       1.320000e+06	    2.54       6756.00


    209. OH + C3H8  = H2O + C3H7 
         k:       3.160000e+07	    1.80        934.00


    210. H2O2 + C3H7  = HO2 + C3H8 
         k:       3.780000e+02	    2.72       1500.00


    211. CH3 + C3H8  = CH4 + C3H7 
         k:       9.030000e-01	    3.65       7154.00


    212. CH3 + C2H4 (+M)  = C3H7 (+M) 
         Fall-off (Troe)
         k0:      3.000000e+63	  -14.60      18170.00
         kInf:    2.550000e+06	    1.60       5700.00
         Troe Parameters
         a    1.89e-01
         T*** 2.77e+02
         T*   8.75e+03
         T**  7.89e+03
         Third body efficiencies
         H2                  	enhanced by	   2.000
         H2O                 	enhanced by	   6.000
         CH4                 	enhanced by	   2.000
         CO                  	enhanced by	   1.500
         CO2                 	enhanced by	   2.000
         C2H6                	enhanced by	   3.000
         AR                  	enhanced by	   0.700


    213. O + C3H7  = CH2O + C2H5 
         k:       9.640000e+13	    0.00          0.00


    214. H + C3H7 (+M)  = C3H8 (+M) 
         Fall-off (Troe)
         k0:      4.420000e+61	  -13.54      11357.00
         kInf:    3.613000e+13	    0.00          0.00
         Troe Parameters
         a    3.15e-01
         T*** 3.69e+02
         T*   3.28e+03
         T**  6.67e+03
         Third body efficiencies
         H2                  	enhanced by	   2.000
         H2O                 	enhanced by	   6.000
         CH4                 	enhanced by	   2.000
         CO                  	enhanced by	   1.500
         CO2                 	enhanced by	   2.000
         C2H6                	enhanced by	   3.000
         AR                  	enhanced by	   0.700


    215. H + C3H7  = CH3 + C2H5 
         k:       4.060000e+06	    2.19        890.00


    216. OH + C3H7  = CH2OH + C2H5 
         k:       2.410000e+13	    0.00          0.00


    217. HO2 + C3H7  = O2 + C3H8 
         k:       2.550000e+10	    0.26       -943.00


    218. HO2 + C3H7  => OH + CH2O + C2H5 
         k:       2.410000e+13	    0.00          0.00


    219. CH3 + C3H7  = 2C2H5 
         k:       1.927000e+13	   -0.32          0.00


