------------------------------
  Elements     Atomic Weight  
------------------------------
  1.	C         12.01099968
  2.	H          1.00800002
  3.	O         15.99899960
  4.	N         14.00699997
------------------------------


--------------------------------------------------------------------------------------------------------------
                                                Molecular        Temperature        Elements
  Species                  Phase  Charge         weight         Low      High       C       H       O       N
--------------------------------------------------------------------------------------------------------------
    1. CH4                   G      0           16.043000    200.00   3500.00       1       4       0       0
    2. H2                    G      0            2.016000    200.00   3500.00       0       2       0       0
    3. O2                    G      0           31.997999    200.00   3500.00       0       0       2       0
    4. CO2                   G      0           44.008999    200.00   3500.00       1       0       2       0
    5. H2O                   G      0           18.015000    200.00   3500.00       0       2       1       0
    6. CO                    G      0           28.009999    200.00   3500.00       1       0       1       0
    7. H                     G      0            1.008000    200.00   3500.00       0       1       0       0
    8. O                     G      0           15.999000    200.00   3500.00       0       0       1       0
    9. OH                    G      0           17.007000    200.00   3500.00       0       1       1       0
   10. HO2                   G      0           33.005999    200.00   3500.00       0       1       2       0
   11. CH2                   G      0           14.027000    200.00   3500.00       1       2       0       0
   12. CH3                   G      0           15.035000    200.00   3500.00       1       3       0       0
   13. HCO                   G      0           29.017999    200.00   3500.00       1       1       1       0
   14. CH2O                  G      0           30.025999    200.00   3500.00       1       2       1       0
   15. H2O2                  G      0           34.013999    200.00   3500.00       0       2       2       0
   16. CH                    G      0           13.019000    200.00   3500.00       1       1       0       0
   17. N2                    G      0           28.014000    250.00   5000.00       0       0       0       2
--------------------------------------------------------------------------------------------------------------

------------------------------------------------------------------------------------------------------------------
  Species                  Shape       eps/kb          sigma             mu           alfa        zRot298         
------------------------------------------------------------------------------------------------------------------
    1. CH4                   2       141.4000         3.7460         0.0000         2.6000        13.0000
    2. H2                    1        38.0000         2.9200         0.0000         0.7900       280.0000
    3. O2                    1       107.4000         3.4580         0.0000         1.6000         3.8000
    4. CO2                   1       244.0000         3.7630         0.0000         2.6500         2.1000
    5. H2O                   2       572.4000         2.6050         1.8440         0.0000         4.0000
    6. CO                    1        98.1000         3.6500         0.0000         1.9500         1.8000
    7. H                     0       145.0000         2.0500         0.0000         0.0000         0.0000
    8. O                     0        80.0000         2.7500         0.0000         0.0000         0.0000
    9. OH                    1        80.0000         2.7500         0.0000         0.0000         0.0000
   10. HO2                   2       107.4000         3.4580         0.0000         0.0000         1.0000
   11. CH2                   1       144.0000         3.8000         0.0000         0.0000         0.0000
   12. CH3                   1       144.0000         3.8000         0.0000         0.0000         0.0000
   13. HCO                   2       498.0000         3.5900         0.0000         0.0000         0.0000
   14. CH2O                  2       498.0000         3.5900         0.0000         0.0000         2.0000
   15. H2O2                  2       107.4000         3.4580         0.0000         0.0000         3.8000
   16. CH                    1        80.0000         2.7500         0.0000         0.0000         0.0000
   17. N2                    1        97.5300         3.6210         0.0000         1.7600         4.0000
------------------------------------------------------------------------------------------------------------------


---------------------------------------------------------------------------------------
                                  CHEMICAL REACTIONS                                 

                         Units: [kmol, m3, s] and [cal/mol]                          
---------------------------------------------------------------------------------------


      1. H + CH3 (+M)  = CH4 (+M) 
         Fall-off (Lindemann)
         k0:      8.000000e+20	   -3.00          0.00
         kInf:    6.000000e+13	   -1.00          0.00


      2. CH4 + O2  = HO2 + CH3 
         k:       7.900000e+10	    0.00      55995.64


      3. CH4 + H  = H2 + CH3 
         k:       2.200000e+01	    3.00       8748.76


      4. CH4 + O  = OH + CH3 
         k:       1.600000e+03	    2.36       7399.59


      5. CH4 + OH  = H2O + CH3 
         k:       1.600000e+03	    2.10       2459.91


      6. O + CH3  = H + CH2O 
         k:       6.800000e+10	    0.00          0.00


      7. OH + CH3  = H2 + CH2O 
         k:       1.000000e+09	    0.00          0.00


      8. OH + CH3  = H2O + CH2 
         k:       1.500000e+10	    0.00       4999.29


      9. H + CH3  = H2 + CH2 
         k:       9.000000e+10	    0.00      15099.21


     10. H + CH2  = H2 + CH 
         k:       1.400000e+16	   -2.00          0.00


     11. OH + CH2  = H + CH2O 
         k:       2.500000e+10	    0.00          0.00


     12. OH + CH2  = H2O + CH 
         k:       4.500000e+10	    0.00       3000.37


     13. O2 + CH  = O + HCO 
         k:       3.300000e+10	    0.00          0.00


     14. O + CH  = CO + H 
         k:       5.700000e+10	    0.00          0.00


     15. OH + CH  = H + HCO 
         k:       3.000000e+10	    0.00          0.00


     16. CO2 + CH  = CO + HCO 
         k:       3.400000e+09	    0.00        689.49


     17. CO2 + CH2  = CO + CH2O 
         k:       1.100000e+08	    0.00        999.46


     18. O + CH2  = CO + 2H 
         k:       3.000000e+10	    0.00          0.00


     19. O + CH2  = H2 + CO 
         k:       5.000000e+10	    0.00          0.00


     20. O2 + CH2  = CO2 + 2H 
         k:       1.600000e+09	    0.00        999.46


     21. O2 + CH2  = O + CH2O 
         k:       5.000000e+10	    0.00       8999.12


     22. O2 + CH2  = H2 + CO2 
         k:       6.900000e+08	    0.00        500.72


     23. O2 + CH2  = H2O + CO 
         k:       1.900000e+07	    0.00       -999.46


     24. O2 + CH2  = CO + H + OH 
         k:       8.600000e+07	    0.00       -500.72


     25. O2 + CH2  = OH + HCO 
         k:       4.300000e+07	    0.00       -500.72


     26. OH + CH2O  = H2O + HCO 
         k:       3.430000e+06	    1.18       -447.07


     27. H + CH2O  = H2 + HCO 
         k:       2.190000e+05	    1.77       3000.37


     28. CH2O +M  = H + HCO +M 
         k:       3.310000e+13	    0.00      80994.09


     29. O + CH2O  = OH + HCO 
         k:       1.810000e+10	    0.00       3081.84


     30. OH + HCO  = H2O + CO 
         k:       5.000000e+09	    0.00          0.00


     31. HCO +M  = CO + H +M 
         k:       1.600000e+11	    0.00      14697.84


     32. H + HCO  = H2 + CO 
         k:       4.000000e+10	    0.00          0.00


     33. O + HCO  = CO2 + H 
         k:       1.000000e+10	    0.00          0.00


     34. O2 + HCO  = CO + HO2 
         k:       3.300000e+10	   -0.40          0.00


     35. CO + O +M  = CO2 +M 
         k:       3.200000e+07	    0.00      -4200.52


     36. CO + OH  = CO2 + H 
         k:       1.510000e+04	    1.30       -757.05


     37. O2 + CO  = CO2 + O 
         k:       1.600000e+10	    0.00      40995.78


     38. CO + HO2  = CO2 + OH 
         k:       5.800000e+10	    0.00      22931.97


     39. H2 + O2  = 2OH 
         k:       1.700000e+10	    0.00      47775.43


     40. H2 + OH  = H2O + H 
         k:       1.170000e+06	    1.30       3626.27


     41. O2 + H  = O + OH 
         k:       5.130000e+13	   -0.82      16506.01


     42. H2 + O  = H + OH 
         k:       1.800000e+07	    1.00       8826.25


     43. O2 + H +M  = HO2 +M 
         k:       3.610000e+11	   -0.72          0.00
         H2O                 	enhanced by	  18.600
         H2                  	enhanced by	   2.860
         N2                  	enhanced by	   1.260
         CO                  	enhanced by	   2.110
         CO2                 	enhanced by	   4.200


     44. OH + HO2  = O2 + H2O 
         k:       7.500000e+09	    0.00          0.00


     45. H + HO2  = 2OH 
         k:       1.400000e+11	    0.00       1072.98


     46. O + HO2  = O2 + OH 
         k:       1.400000e+10	    0.00       1072.98


     47. 2OH  = H2O + O 
         k:       6.000000e+05	    1.30          0.00


     48. 2H +M  = H2 +M 
         k:       1.000000e+12	   -1.00          0.00


     49. H2 + 2H  = 2H2 
         k:       9.200000e+10	   -0.60          0.00


     50. H2O + 2H  = H2 + H2O 
         k:       6.000000e+13	   -1.25          0.00


     51. CO2 + 2H  = H2 + CO2 
         k:       5.490000e+14	   -2.00          0.00


     52. H + OH +M  = H2O +M 
         k:       1.600000e+16	   -2.00          0.00
         H2O                 	enhanced by	   5.000


     53. H + O +M  = OH +M 
         k:       6.200000e+10	   -0.60          0.00
         H2O                 	enhanced by	   5.000


     54. H + HO2  = H2 + O2 
         k:       1.250000e+10	    0.00          0.00


     55. 2HO2  = O2 + H2O2 
         k:       2.000000e+09	    0.00          0.00


     56. H2O2 +M  = 2OH +M 
         k:       1.300000e+14	    0.00      45496.34


     57. H + H2O2  = H2 + HO2 
         k:       1.600000e+09	    0.00       3799.14


     58. OH + H2O2  = H2O + HO2 
         k:       1.000000e+10	    0.00       1800.22


