 ====================================================================================================
   THERMO TABLE FOR MOLECULE CH4
 ====================================================================================================
   Elemental Composition:
     C 1
     H 4
   Formation Enthalpy at 298K =          -17.8292 kcal/mol
   Formation Free Gibbs Energy at 298K = -31.1005 kcal/mol
   Molecular Weight =                    16.043 kg/kmol
 -----------------------------------------------------------------------------------------------------
   Temperature       Cp             H             G            S             DH            DG         
       [K]       [cal/mol/K]    [kcal/mol]    [kcal/mol]  [cal/(mol-K)]  [kcal/mol]     [kcal/mol]    
 -----------------------------------------------------------------------------------------------------
     300.0000      8.5461        -17.8121      -31.1896      44.5918       0.0171        -0.0891       
     600.0000      12.6016       -14.6797      -45.6791      51.6657       3.1495        -14.5786      
     800.0000      15.2945       -11.8810      -56.4192      55.6727       5.9481        -25.3187      
     1000.0000     17.5930       -8.5910       -67.9250      59.3340       9.2382        -36.8245      
     1200.0000     19.4542       -4.8798       -80.1342      62.7119       12.9494       -49.0337      
     1400.0000     20.9635       -0.8327       -92.9923      65.8283       16.9964       -61.8918      
     1600.0000     22.1870       3.4866        -106.4498     68.7103       21.3157       -75.3493      
     1800.0000     23.1831       8.0269        -120.4625     71.3830       25.8561       -89.3620      
     2000.0000     24.0023       12.7480       -134.9906     73.8693       30.5772       -103.8901     
     2200.0000     24.6875       17.6189       -149.9992     76.1900       35.4481       -118.8986     
     2400.0000     25.2738       22.6165       -165.4568     78.3639       40.4456       -134.3563     
     2600.0000     25.7885       27.7237       -181.3360     80.4076       45.5529       -150.2355     
 -----------------------------------------------------------------------------------------------------


 ====================================================================================================
   THERMO TABLE FOR MOLECULE H2
 ====================================================================================================
   Elemental Composition:
     H 2.0000
   Formation Enthalpy at 298K =          -0.0010 kcal/mol
   Formation Free Gibbs Energy at 298K = -9.3066 kcal/mol
   Molecular Weight =                    2.0160 kg/kmol
 -----------------------------------------------------------------------------------------------------
   Temperature       Cp             H             G            S             DH            DG         
       [K]       [cal/mol/K]    [kcal/mol]    [kcal/mol]  [cal/(mol-K)]  [kcal/mol]     [kcal/mol]    
 -----------------------------------------------------------------------------------------------------
     300.0000      6.8948        0.0128        -9.3691       31.2728       0.0138        -0.0625       
     600.0000      6.9913        2.1084        -19.5587      36.1120       2.1095        -10.2522      
     800.0000      7.0776        3.5125        -26.9923      38.1309       3.5135        -17.6857      
     1000.0000     7.2084        4.9437        -34.7835      39.7272       4.9447        -25.4769      
     1200.0000     7.4084        6.4052        -42.8656      41.0590       6.4063        -33.5590      
     1400.0000     7.6127        7.9073        -51.1956      42.2164       7.9084        -41.8890      
     1600.0000     7.8140        9.4501        -59.7436      43.2461       9.4512        -50.4371      
     1800.0000     8.0068        11.0324       -68.4875      44.1777       11.0334       -59.1809      
     2000.0000     8.1868        12.6520       -77.4095      45.0307       12.6530       -68.1029      
     2200.0000     8.3515        14.3061       -86.4955      45.8189       14.3071       -77.1889      
     2400.0000     8.4997        15.9915       -95.7334      46.5520       15.9925       -86.4268      
     2600.0000     8.6320        17.7049       -105.1131     47.2377       17.7059       -95.8065      
 -----------------------------------------------------------------------------------------------------


 ====================================================================================================
   THERMO TABLE FOR MOLECULE O2
 ====================================================================================================
   Elemental Composition:
     O 2.0000
   Formation Enthalpy at 298K =          -0.0011 kcal/mol
   Formation Free Gibbs Energy at 298K = -14.6099 kcal/mol
   Molecular Weight =                    31.9980 kg/kmol
 -----------------------------------------------------------------------------------------------------
   Temperature       Cp             H             G            S             DH            DG         
       [K]       [cal/mol/K]    [kcal/mol]    [kcal/mol]  [cal/(mol-K)]  [kcal/mol]     [kcal/mol]    
 -----------------------------------------------------------------------------------------------------
     300.0000      7.0232        0.0130        -14.7080      49.0700       0.0140        -0.0981       
     600.0000      7.6672        2.2093        -30.2618      54.1185       2.2104        -15.6519      
     800.0000      8.0655        3.7850        -41.3208      56.3822       3.7861        -26.7109      
     1000.0000     8.3364        5.4265        -52.7861      58.2126       5.4276        -38.1761      
     1200.0000     8.5199        7.1127        -64.5863      59.7492       7.1138        -49.9764      
     1400.0000     8.6728        8.8324        -76.6717      61.0744       8.8335        -62.0618      
     1600.0000     8.8045        10.5804       -89.0056      62.2413       10.5815       -74.3957      
     1800.0000     8.9225        12.3533       -101.5600     63.2852       12.3543       -86.9501      
     2000.0000     9.0326        14.1489       -114.3131     64.2310       14.1499       -99.7032      
     2200.0000     9.1393        15.9661       -127.2471     65.0969       15.9672       -112.6372     
     2400.0000     9.2450        17.8046       -140.3475     65.8967       17.8056       -125.7376     
     2600.0000     9.3509        19.6641       -153.6021     66.6409       19.6652       -138.9922     
 -----------------------------------------------------------------------------------------------------


 ====================================================================================================
   THERMO TABLE FOR MOLECULE CO2
 ====================================================================================================
   Elemental Composition:
     C 1.0000
     O 2.0000
   Formation Enthalpy at 298K =          -94.0423 kcal/mol
   Formation Free Gibbs Energy at 298K = -109.2660 kcal/mol
   Molecular Weight =                    44.0090 kg/kmol
 -----------------------------------------------------------------------------------------------------
   Temperature       Cp             H             G            S             DH            DG         
       [K]       [cal/mol/K]    [kcal/mol]    [kcal/mol]  [cal/(mol-K)]  [kcal/mol]     [kcal/mol]    
 -----------------------------------------------------------------------------------------------------
     300.0000      8.8943        -94.0245      -109.3683     51.1458       0.0178        -0.1022       
     600.0000      11.3172       -90.9572      -125.8387     58.1358       3.0851        -16.5726      
     800.0000      12.2908       -88.5901      -137.8173     61.5340       5.4522        -28.5512      
     1000.0000     12.9817       -86.0597      -150.4140     64.3543       7.9826        -41.1480      
     1200.0000     13.4561       -83.4137      -163.5318     66.7651       10.6286       -54.2658      
     1400.0000     13.8129       -80.6851      -177.0996     68.8675       13.3572       -67.8335      
     1600.0000     14.0786       -77.8946      -191.0629     70.7302       16.1477       -81.7969      
     1800.0000     14.2761       -75.0582      -205.3788     72.4004       18.9841       -96.1128      
     2000.0000     14.4247       -72.1874      -220.0125     73.9126       21.8549       -110.7465     
     2200.0000     14.5401       -69.2905      -234.9351     75.2930       24.7518       -125.6691     
     2400.0000     14.6344       -66.3728      -250.1223     76.5623       27.6695       -140.8563     
     2600.0000     14.7162       -63.4375      -265.5537     77.7370       30.6047       -156.2877     
 -----------------------------------------------------------------------------------------------------


 ====================================================================================================
   THERMO TABLE FOR MOLECULE H2O
 ====================================================================================================
   Elemental Composition:
     H 2.0000
     O 1.0000
   Formation Enthalpy at 298K =          -57.7927 kcal/mol
   Formation Free Gibbs Energy at 298K = -71.2392 kcal/mol
   Molecular Weight =                    18.0150 kg/kmol
 -----------------------------------------------------------------------------------------------------
   Temperature       Cp             H             G            S             DH            DG         
       [K]       [cal/mol/K]    [kcal/mol]    [kcal/mol]  [cal/(mol-K)]  [kcal/mol]     [kcal/mol]    
 -----------------------------------------------------------------------------------------------------
     300.0000      8.0289        -57.7767      -71.3295      45.1760       0.0161        -0.0903       
     600.0000      8.6800        -55.2821      -85.8304      50.9138       2.5107        -14.5912      
     800.0000      9.2565        -53.4890      -96.2802      53.4890       4.3037        -25.0410      
     1000.0000     9.8687        -51.5774      -107.1967     55.6193       6.2153        -35.9575      
     1200.0000     10.4858       -49.5410      -118.5098     57.4740       8.2517        -47.2706      
     1400.0000     11.0446       -47.3870      -130.1733     59.1331       10.4058       -58.9341      
     1600.0000     11.5440       -45.1271      -142.1530     60.6412       12.6656       -70.9138      
     1800.0000     11.9845       -42.7733      -154.4216     62.0269       15.0194       -83.1825      
     2000.0000     12.3677       -40.3371      -166.9569     63.3099       17.4556       -95.7177      
     2200.0000     12.6966       -37.8298      -179.7397     64.5045       19.9629       -108.5005     
     2400.0000     12.9753       -35.2619      -192.7535     65.6215       22.5309       -121.5143     
     2600.0000     13.2093       -32.6427      -205.9837     66.6696       25.1500       -134.7445     
 -----------------------------------------------------------------------------------------------------


 ====================================================================================================
   THERMO TABLE FOR MOLECULE CO
 ====================================================================================================
   Elemental Composition:
     C 1.0000
     O 1.0000
   Formation Enthalpy at 298K =          -26.4155 kcal/mol
   Formation Free Gibbs Energy at 298K = -40.4908 kcal/mol
   Molecular Weight =                    28.0100 kg/kmol
 -----------------------------------------------------------------------------------------------------
   Temperature       Cp             H             G            S             DH            DG         
       [K]       [cal/mol/K]    [kcal/mol]    [kcal/mol]  [cal/(mol-K)]  [kcal/mol]     [kcal/mol]    
 -----------------------------------------------------------------------------------------------------
     300.0000      6.9646        -26.4016      -40.5853      47.2792       0.0139        -0.0945       
     600.0000      7.2686        -24.2766      -55.5828      52.1771       2.1389        -15.0920      
     800.0000      7.6220        -22.7882      -66.2406      54.3156       3.6273        -25.7498      
     1000.0000     7.9253        -21.2309      -77.2827      56.0517       5.1845        -36.7919      
     1200.0000     8.1610        -19.6213      -88.6434      57.5185       6.7942        -48.1526      
     1400.0000     8.3415        -17.9702      -100.2772     58.7907       8.4453        -59.7864      
     1600.0000     8.4787        -16.2876      -112.1498     59.9139       10.1279       -71.6590      
     1800.0000     8.5827        -14.5809      -124.2349     60.9188       11.8345       -83.7441      
     2000.0000     8.6624        -12.8561      -136.5109     61.8274       13.5594       -96.0201      
     2200.0000     8.7249        -11.1171      -148.9605     62.6561       15.2983       -108.4697     
     2400.0000     8.7758        -9.3669       -161.5689     63.4175       17.0486       -121.0781     
     2600.0000     8.8193        -7.6073       -174.3237     64.1217       18.8082       -133.8329     
 -----------------------------------------------------------------------------------------------------


 ====================================================================================================
   THERMO TABLE FOR MOLECULE H
 ====================================================================================================
   Elemental Composition:
     H 1.0000
   Formation Enthalpy at 298K =          52.0965 kcal/mol
   Formation Free Gibbs Energy at 298K = 43.9275 kcal/mol
   Molecular Weight =                    1.0080 kg/kmol
 -----------------------------------------------------------------------------------------------------
   Temperature       Cp             H             G            S             DH            DG         
       [K]       [cal/mol/K]    [kcal/mol]    [kcal/mol]  [cal/(mol-K)]  [kcal/mol]     [kcal/mol]    
 -----------------------------------------------------------------------------------------------------
     300.0000      4.9675        52.1064       43.8726       27.4460       0.0099        -0.0549       
     600.0000      4.9675        53.5967       35.0631       30.8892       1.5002        -8.8643       
     800.0000      4.9675        54.5902       28.7356       32.3182       2.4937        -15.1919      
     1000.0000     4.9675        55.5837       22.1569       33.4267       3.4872        -21.7705      
     1200.0000     4.9675        56.5772       15.3783       34.3324       4.4807        -28.5492      
     1400.0000     4.9675        57.5707       8.4333        35.0981       5.4742        -35.4942      
     1600.0000     4.9675        58.5642       1.3458        35.7615       6.4677        -42.5816      
     1800.0000     4.9675        59.5577       -5.8661       36.3465       7.4612        -49.7936      
     2000.0000     4.9675        60.5512       -13.1887      36.8699       8.4547        -57.1162      
     2200.0000     4.9675        61.5447       -20.6108      37.3434       9.4482        -64.5382      
     2400.0000     4.9675        62.5382       -28.1233      37.7756       10.4417       -72.0508      
     2600.0000     4.9675        63.5317       -35.7187      38.1732       11.4352       -79.6462      
 -----------------------------------------------------------------------------------------------------


 ====================================================================================================
   THERMO TABLE FOR MOLECULE O
 ====================================================================================================
   Elemental Composition:
     O 1.0000
   Formation Enthalpy at 298K =          59.5470 kcal/mol
   Formation Free Gibbs Energy at 298K = 48.0777 kcal/mol
   Molecular Weight =                    15.9990 kg/kmol
 -----------------------------------------------------------------------------------------------------
   Temperature       Cp             H             G            S             DH            DG         
       [K]       [cal/mol/K]    [kcal/mol]    [kcal/mol]  [cal/(mol-K)]  [kcal/mol]     [kcal/mol]    
 -----------------------------------------------------------------------------------------------------
     300.0000      5.2338        59.5575       48.0007       38.5226       0.0105        -0.0770       
     600.0000      5.0516        61.0914       35.8472       42.0737       1.5444        -12.2306      
     800.0000      5.0155        62.0981       27.2805       43.5220       2.5511        -20.7972      
     1000.0000     5.0005        63.0986       18.4602       44.6384       3.5516        -29.6175      
     1200.0000     4.9911        64.0978       9.4387        45.5493       4.5507        -38.6391      
     1400.0000     4.9844        65.0953       0.2499        46.3181       5.5483        -47.8278      
     1600.0000     4.9800        66.0917       -9.0817       46.9834       6.5447        -57.1594      
     1800.0000     4.9775        67.0874       -18.5382      47.5698       7.5404        -66.6159      
     2000.0000     4.9770        68.0828       -28.1055      48.0941       8.5358        -76.1832      
     2200.0000     4.9783        69.0783       -37.7725      48.5686       9.5313        -85.8502      
     2400.0000     4.9814        70.0742       -47.5302      49.0018       10.5272       -95.6079      
     2600.0000     4.9864        71.0710       -57.3709      49.4007       11.5240       -105.4487     
 -----------------------------------------------------------------------------------------------------


 ====================================================================================================
   THERMO TABLE FOR MOLECULE OH
 ====================================================================================================
   Elemental Composition:
     O 1.0000
     H 1.0000
   Formation Enthalpy at 298K =          9.4021 kcal/mol
   Formation Free Gibbs Energy at 298K = -3.6820 kcal/mol
   Molecular Weight =                    17.0070 kg/kmol
 -----------------------------------------------------------------------------------------------------
   Temperature       Cp             H             G            S             DH            DG         
       [K]       [cal/mol/K]    [kcal/mol]    [kcal/mol]  [cal/(mol-K)]  [kcal/mol]     [kcal/mol]    
 -----------------------------------------------------------------------------------------------------
     300.0000      7.1403        9.4164        -3.7699       43.9542       0.0143        -0.0879       
     600.0000      7.0581        11.5365       -17.7772      48.8562       2.1344        -14.0951      
     800.0000      7.1493        12.9560       -27.7618      50.8973       3.5539        -24.0798      
     1000.0000     7.3352        14.4024       -38.1079      52.5103       5.0003        -34.4259      
     1200.0000     7.5616        15.8922       -48.7492      53.8678       6.4902        -45.0671      
     1400.0000     7.7740        17.4261       -59.6434      55.0496       8.0240        -55.9614      
     1600.0000     7.9698        19.0007       -70.7603      56.1007       9.5986        -67.0783      
     1800.0000     8.1473        20.6127       -82.0769      57.0498       11.2107       -78.3948      
     2000.0000     8.3058        22.2584       -93.5748      57.9166       12.8563       -89.8927      
     2200.0000     8.4454        23.9338       -105.2390     58.7149       14.5317       -101.5569     
     2400.0000     8.5671        25.6353       -117.0569     59.4551       16.2332       -113.3748     
     2600.0000     8.6728        27.3596       -129.0176     60.1451       17.9575       -125.3356     
 -----------------------------------------------------------------------------------------------------


 ====================================================================================================
   THERMO TABLE FOR MOLECULE HO2
 ====================================================================================================
   Elemental Composition:
     H 1.0000
     O 2.0000
   Formation Enthalpy at 298K =          2.9984 kcal/mol
   Formation Free Gibbs Energy at 298K = -13.3163 kcal/mol
   Molecular Weight =                    33.0060 kg/kmol
 -----------------------------------------------------------------------------------------------------
   Temperature       Cp             H             G            S             DH            DG         
       [K]       [cal/mol/K]    [kcal/mol]    [kcal/mol]  [cal/(mol-K)]  [kcal/mol]     [kcal/mol]    
 -----------------------------------------------------------------------------------------------------
     300.0000      8.3476        3.0151        -13.4259      54.8032       0.0167        -0.1096       
     600.0000      9.9944        5.7671        -30.8897      61.0946       2.7686        -17.5734      
     800.0000      10.7703       7.8499        -43.4183      64.0852       4.8515        -30.1019      
     1000.0000     11.3792       10.0625       -56.4889      66.5514       7.0641        -43.1726      
     1200.0000     11.8576       12.3871       -70.0159      68.6691       9.3886        -56.6996      
     1400.0000     12.2857       14.8022       -83.9395      70.5297       11.8037       -70.6231      
     1600.0000     12.6691       17.2983       -98.2149      72.1958       14.2999       -84.8985      
     1800.0000     13.0125       19.8671       -112.8075     73.7082       16.8687       -99.4912      
     2000.0000     13.3199       22.5010       -127.6898     75.0954       19.5025       -114.3735     
     2200.0000     13.5943       25.1929       -142.8387     76.3780       22.1945       -129.5224     
     2400.0000     13.8379       27.9366       -158.2351     77.5715       24.9382       -144.9188     
     2600.0000     14.0522       30.7261       -173.8622     78.6878       27.7277       -160.5459     
 -----------------------------------------------------------------------------------------------------


 ====================================================================================================
   THERMO TABLE FOR MOLECULE CH2
 ====================================================================================================
   Elemental Composition:
     C 1.0000
     H 2.0000
   Formation Enthalpy at 298K =          93.7590 kcal/mol
   Formation Free Gibbs Energy at 298K = 79.9144 kcal/mol
   Molecular Weight =                    14.0270 kg/kmol
 -----------------------------------------------------------------------------------------------------
   Temperature       Cp             H             G            S             DH            DG         
       [K]       [cal/mol/K]    [kcal/mol]    [kcal/mol]  [cal/(mol-K)]  [kcal/mol]     [kcal/mol]    
 -----------------------------------------------------------------------------------------------------
     300.0000      8.3744        93.7757       79.8215       46.5141       0.0167        -0.0930       
     600.0000      9.4125        96.4465       64.8604       52.6434       2.6875        -15.0540      
     800.0000      10.0264       98.3912       54.0420       55.4365       4.6322        -25.8724      
     1000.0000     10.6562       100.4578      42.7181       57.7397       6.6989        -37.1963      
     1200.0000     11.2137       102.6466      30.9665       59.7335       8.8877        -48.9480      
     1400.0000     11.6703       104.9366      18.8400       61.4976       11.1776       -61.0745      
     1600.0000     12.0414       107.3091      6.3794        63.0810       13.5501       -73.5350      
     1800.0000     12.3411       109.7484      -6.3826       64.5172       15.9894       -86.2971      
     2000.0000     12.5820       112.2416      -19.4193      65.8304       18.4826       -99.3337      
     2200.0000     12.7754       114.7781      -32.7078      67.0390       21.0191       -112.6223     
     2400.0000     12.9310       117.3493      -46.2289      68.1576       23.5903       -126.1433     
     2600.0000     13.0572       119.9485      -59.9656      69.1977       26.1895       -139.8801     
 -----------------------------------------------------------------------------------------------------


 ====================================================================================================
   THERMO TABLE FOR MOLECULE CH3
 ====================================================================================================
   Elemental Composition:
     C 1.0000
     H 3.0000
   Formation Enthalpy at 298K =          35.1048 kcal/mol
   Formation Free Gibbs Energy at 298K = 21.2896 kcal/mol
   Molecular Weight =                    15.0350 kg/kmol
 -----------------------------------------------------------------------------------------------------
   Temperature       Cp             H             G            S             DH            DG         
       [K]       [cal/mol/K]    [kcal/mol]    [kcal/mol]  [cal/(mol-K)]  [kcal/mol]     [kcal/mol]    
 -----------------------------------------------------------------------------------------------------
     300.0000      9.1952        35.1231       21.1968       46.4210       0.0184        -0.0928       
     600.0000      11.5018       38.2311       6.1252        53.5098       3.1264        -15.1644      
     800.0000      12.8631       40.6708       -4.9370       57.0097       5.5660        -26.2265      
     1000.0000     14.0828       43.3665       -16.6458      60.0123       8.2617        -37.9354      
     1200.0000     15.1103       46.2894       -28.9194      62.6740       11.1847       -50.2090      
     1400.0000     15.9395       49.3974       -41.6976      65.0678       14.2927       -62.9872      
     1600.0000     16.6039       52.6542       -54.9318      67.2413       17.5495       -76.2214      
     1800.0000     17.1336       56.0300       -68.5817      69.2287       20.9252       -89.8713      
     2000.0000     17.5551       59.5004       -82.6127      71.0566       24.3957       -103.9023     
     2200.0000     17.8914       63.0463       -96.9951      72.7461       27.9416       -118.2847     
     2400.0000     18.1619       66.6526       -111.7031     74.3149       31.5479       -132.9927     
     2600.0000     18.3824       70.3078       -126.7140     75.7776       35.2030       -148.0036     
 -----------------------------------------------------------------------------------------------------


 ====================================================================================================
   THERMO TABLE FOR MOLECULE HCO
 ====================================================================================================
   Elemental Composition:
     H 1.0000
     C 1.0000
     O 1.0000
   Formation Enthalpy at 298K =          10.0359 kcal/mol
   Formation Free Gibbs Energy at 298K = -5.9391 kcal/mol
   Molecular Weight =                    29.0180 kg/kmol
 -----------------------------------------------------------------------------------------------------
   Temperature       Cp             H             G            S             DH            DG         
       [K]       [cal/mol/K]    [kcal/mol]    [kcal/mol]  [cal/(mol-K)]  [kcal/mol]     [kcal/mol]    
 -----------------------------------------------------------------------------------------------------
     300.0000      8.2736        10.0525       -6.0464       53.6629       0.0165        -0.1073       
     600.0000      9.7797        12.7498       -23.1509      59.8344       2.7139        -17.2117      
     800.0000      10.7396       14.8054       -35.4223      62.7845       4.7695        -29.4831      
     1000.0000     11.4858       17.0307       -48.2336      65.2643       6.9947        -42.2945      
     1200.0000     12.0220       19.3839       -61.5057      67.4080       9.3480        -55.5666      
     1400.0000     12.4269       21.8307       -75.1796      69.2931       11.7948       -69.2405      
     1600.0000     12.7300       24.3479       -89.2093      70.9732       14.3120       -83.2702      
     1800.0000     12.9572       26.9177       -103.5578     72.4864       16.8818       -97.6187      
     2000.0000     13.1300       29.5271       -118.1946     73.8609       19.4912       -112.2555     
     2200.0000     13.2659       32.1672       -133.0944     75.1189       22.1313       -127.1553     
     2400.0000     13.3783       34.8319       -148.2356     76.2781       24.7960       -142.2965     
     2600.0000     13.4767       37.5176       -163.6000     77.3529       27.4817       -157.6609     
 -----------------------------------------------------------------------------------------------------


 ====================================================================================================
   THERMO TABLE FOR MOLECULE CH2O
 ====================================================================================================
   Elemental Composition:
     H 2.0000
     C 1.0000
     O 1.0000
   Formation Enthalpy at 298K =          -25.9497 kcal/mol
   Formation Free Gibbs Energy at 298K = -41.5279 kcal/mol
   Molecular Weight =                    30.0260 kg/kmol
 -----------------------------------------------------------------------------------------------------
   Temperature       Cp             H             G            S             DH            DG         
       [K]       [cal/mol/K]    [kcal/mol]    [kcal/mol]  [cal/(mol-K)]  [kcal/mol]     [kcal/mol]    
 -----------------------------------------------------------------------------------------------------
     300.0000      8.4703        -25.9328      -41.6325      52.3326       0.0169        -0.1046       
     600.0000      11.5243       -22.9558      -58.4082      59.0874       2.9939        -16.8803      
     800.0000      13.3748       -20.4568      -70.5921      62.6691       5.4929        -29.0642      
     1000.0000     14.8153       -17.6354      -83.4465      65.8111       8.3143        -41.9186      
     1200.0000     15.8721       -14.5621      -96.8939      68.6098       11.3876       -55.3660      
     1400.0000     16.6798       -11.3032      -110.8712     71.1200       14.6465       -69.3433      
     1600.0000     17.2906       -7.9033       -125.3259     73.3891       18.0464       -83.7979      
     1800.0000     17.7500       -4.3970       -140.2133     75.4535       21.5527       -98.6853      
     2000.0000     18.0965       -0.8108       -155.4956     77.3424       25.1389       -113.9676     
     2200.0000     18.3622       2.8362        -171.1402     79.0802       28.7859       -129.6122     
     2400.0000     18.5721       6.5304        -187.1189     80.6872       32.4801       -145.5910     
     2600.0000     18.7447       10.2626       -203.4075     82.1808       36.2123       -161.8795     
 -----------------------------------------------------------------------------------------------------


 ====================================================================================================
   THERMO TABLE FOR MOLECULE H2O2
 ====================================================================================================
   Elemental Composition:
     H 2.0000
     O 2.0000
   Formation Enthalpy at 298K =          -32.4741 kcal/mol
   Formation Free Gibbs Energy at 298K = -49.1746 kcal/mol
   Molecular Weight =                    34.0140 kg/kmol
 -----------------------------------------------------------------------------------------------------
   Temperature       Cp             H             G            S             DH            DG         
       [K]       [cal/mol/K]    [kcal/mol]    [kcal/mol]  [cal/(mol-K)]  [kcal/mol]     [kcal/mol]    
 -----------------------------------------------------------------------------------------------------
     300.0000      10.1467       -32.4538      -49.2868      56.1099       0.0203        -0.1122       
     600.0000      12.7796       -28.9998      -67.3902      63.9839       3.4743        -18.2155      
     800.0000      13.9815       -26.3154      -80.5849      67.8369       6.1586        -31.4103      
     1000.0000     14.9310       -23.4255      -94.4829      71.0574       9.0486        -45.3082      
     1200.0000     15.6947       -20.3606      -108.9797     73.8492       12.1135       -59.8050      
     1400.0000     16.3289       -17.1563      -124.0011     76.3177       15.3178       -74.8265      
     1600.0000     16.8546       -13.8363      -139.4900     78.5336       18.6378       -90.3153      
     1800.0000     17.2908       -10.4204      -155.4009     80.5447       22.0537       -106.2263     
     2000.0000     17.6543       -6.9248       -171.6966     82.3859       25.5493       -122.5219     
     2200.0000     17.9595       -3.3625       -188.3457     84.0832       29.1116       -139.1711     
     2400.0000     18.2188       0.2560        -205.3217     85.6573       32.7301       -156.1470     
     2600.0000     18.4424       3.9226        -222.6015     87.1247       36.3967       -173.4269     
 -----------------------------------------------------------------------------------------------------


 ====================================================================================================
   THERMO TABLE FOR MOLECULE CH
 ====================================================================================================
   Elemental Composition:
     C 1.0000
     H 1.0000
   Formation Enthalpy at 298K =          142.7507 kcal/mol
   Formation Free Gibbs Energy at 298K = 129.7165 kcal/mol
   Molecular Weight =                    13.0190 kg/kmol
 -----------------------------------------------------------------------------------------------------
   Temperature       Cp             H             G            S             DH            DG         
       [K]       [cal/mol/K]    [kcal/mol]    [kcal/mol]  [cal/(mol-K)]  [kcal/mol]     [kcal/mol]    
 -----------------------------------------------------------------------------------------------------
     300.0000      6.9723        142.7646      129.6290      43.7854       0.0139        -0.0875       
     600.0000      7.1073        144.8691      115.6834      48.6428       2.1184        -14.0331      
     800.0000      7.3738        146.3151      105.7384      50.7209       3.5644        -23.9782      
     1000.0000     7.7110        147.8236      95.4210       52.4025       5.0729        -34.2955      
     1200.0000     8.0717        149.4023      84.7935       53.8407       6.6516        -44.9231      
     1400.0000     8.4048        151.0504      73.8959       55.1103       8.2997        -55.8206      
     1600.0000     8.7066        152.7621      62.7578       56.2527       10.0114       -66.9587      
     1800.0000     8.9748        154.5308      51.4016       57.2940       11.7801       -78.3149      
     2000.0000     9.2084        156.3497      39.8457       58.2520       13.5990       -89.8708      
     2200.0000     9.4075        158.2119      28.1055       59.1393       15.4612       -101.6110     
     2400.0000     9.5738        160.1105      16.1941       59.9652       17.3598       -113.5224     
     2600.0000     9.7104        162.0394      4.1230        60.7371       19.2887       -125.5935     
 -----------------------------------------------------------------------------------------------------


 ====================================================================================================
   THERMO TABLE FOR MOLECULE N2
 ====================================================================================================
   Elemental Composition:
     N 2.0000
   Formation Enthalpy at 298K =          -0.0007 kcal/mol
   Formation Free Gibbs Energy at 298K = -13.6385 kcal/mol
   Molecular Weight =                    28.0140 kg/kmol
 -----------------------------------------------------------------------------------------------------
   Temperature       Cp             H             G            S             DH            DG         
       [K]       [cal/mol/K]    [kcal/mol]    [kcal/mol]  [cal/(mol-K)]  [kcal/mol]     [kcal/mol]    
 -----------------------------------------------------------------------------------------------------
     300.0000      6.9485        0.0132        -13.7300      45.8108       0.0139        -0.0916       
     600.0000      7.1901        2.1285        -28.2849      50.6890       2.1292        -14.6465      
     800.0000      7.5026        3.5960        -38.6422      52.7977       3.5967        -25.0037      
     1000.0000     7.8295        5.1309        -49.3780      54.5089       5.1316        -35.7395      
     1200.0000     8.0555        6.7201        -60.4283      55.9570       6.7208        -46.7898      
     1400.0000     8.2395        8.3503        -71.7480      57.2131       8.3510        -58.1096      
     1600.0000     8.3880        10.0136       -83.3038      58.3234       10.0143       -69.6654      
     1800.0000     8.5065        11.7035       -95.0697      59.3184       11.7042       -81.4313      
     2000.0000     8.6005        13.4146       -107.0250     60.2198       13.4153       -93.3865      
     2200.0000     8.6746        15.1424       -119.1524     61.0431       15.1431       -105.5140     
     2400.0000     8.7331        16.8834       -131.4378     61.8005       16.8841       -117.7993     
     2600.0000     8.7796        18.6348       -143.8689     62.5014       18.6355       -130.2304     
 -----------------------------------------------------------------------------------------------------


